<?xml version="1.0" encoding="UTF-8"?>
<beans xmlns="http://www.springframework.org/schema/beans" xmlns:xsi="http://www.w3.org/2001/XMLSchema-instance"
	xmlns:context="http://www.springframework.org/schema/context" xmlns:hades="http://schemas.synyx.org/hades"
	xmlns:tx="http://www.springframework.org/schema/tx"
	xsi:schemaLocation="http://www.springframework.org/schema/beans 
           http://www.springframework.org/schema/beans/spring-beans-3.0.xsd
           http://www.springframework.org/schema/context
           http://www.springframework.org/schema/context/spring-context-3.0.xsd
		   http://schemas.synyx.org/hades 
		   http://schemas.synyx.org/hades/hades.xsd
		   http://www.springframework.org/schema/tx 
		   http://www.springframework.org/schema/tx/spring-tx-3.0.xsd">
	<context:annotation-config />
	<context:component-scan base-package="eu.margiel.services" />
	<hades:dao-config base-package="eu.margiel.repositories" />
	<import resource="data-source.xml" />
	<tx:annotation-driven transaction-manager="transactionManager" />

	<bean id="dataSource" class="org.springframework.jdbc.datasource.DriverManagerDataSource">
		<property name="driverClassName" value="org.h2.Driver" />
		<property name="url" value="jdbc:h2:mem:casaensol;DB_CLOSE_DELAY=-1;DB_CLOSE_ON_EXIT=FALSE" />
	</bean>
	<bean id="transactionManager" class="org.springframework.orm.jpa.JpaTransactionManager">
		<property name="entityManagerFactory" ref="entityManagerFactory" />
	</bean>

	<bean id="entityManagerFactory" class="org.springframework.orm.jpa.LocalContainerEntityManagerFactoryBean">
		<property name="dataSource" ref="dataSource" />
		<property name="jpaVendorAdapter" ref="jpaAdapter" />
		<property name="jpaProperties">
			<props>
				<prop key="hibernate.format_sql">true</prop>
				<prop key="hibernate.ejb.naming_strategy">org.hibernate.cfg.DefaultComponentSafeNamingStrategy</prop>
				<prop key="hibernate.hbm2ddl.auto">create</prop>
			</props>
		</property>
	</bean>

	<bean id="jpaAdapter" class="org.springframework.orm.jpa.vendor.HibernateJpaVendorAdapter" />
	<bean class="org.springframework.orm.jpa.support.PersistenceAnnotationBeanPostProcessor" />
	<bean class="org.springframework.dao.annotation.PersistenceExceptionTranslationPostProcessor" />
</beans>
	
